
Message: Naomba namba ulio nayo 
 {'message': ['Ungependa kupata namba ya nani ?'], 'memory': {}, 'next_state': 'end'}
Message: Naomba namba ulio nayo 
 {'message': ['Ungependa kupata namba ya nani ?'], 'memory': {}, 'next_state': 'end'}
Message: Hi 
 {'message': ['Hi', 'Naimani upo salama'], 'memory': {}, 'next_state': 'end'}
Message: Hi 
 {'message': ['Hi', 'Naimani upo salama'], 'memory': {}, 'next_state': 'end'}
Message: Hi 
 {'message': ['Hi', 'Naimani upo salama'], 'memory': {}, 'next_state': 'end'}
Message: Naomba number 
 {'message': ['Ungependa kupata namba ya nani ?'], 'memory': {}, 'next_state': 'end'}
Message: Naomba number 
 {'message': ['Ungependa kupata namba ya nani ?'], 'memory': {}, 'next_state': 'end'}
Message: Hi 
 {'message': ['Hi', 'Naimani upo salama'], 'memory': {}, 'next_state': 'end'}
Message: Ndio nipo salama 
 {'message': ['Nice', 'Ni vizuri kuskia hivyo'], 'memory': {}, 'next_state': 'end'}
Message: Ndio nipo salama 
 {'message': ['Ungependa nikusaidieje?'], 'memory': {}, 'next_state': 'end'}
Message: Hi 
 {'message': 'Intent for this message is missing in [FLOW]', 'memory': {}, 'next_state': 'end'}
Message: Hi 
 {'message': 'Intent for this message is missing in [FLOW]', 'memory': {}, 'next_state': 'end'}
Message: Hi 
 {'message': 'Intent for this message is missing in [FLOW]', 'memory': {}, 'next_state': 'end'}
Message: Hi 
 {'message': ['Hello! What topic would you like to learn about today? Here are topics I can assist you with useful resources to: Computer Science, Data Science and AI, Google Data Analytics, Digital Marketing, Google Cloud, AWS(Amazon Web Services), Microsoft Learn Resources, Microsoft Azure, Cyber Security, IoT, Python '], 'memory': {'intro_greetings': 'Hi'}, 'next_state': 'end'}
Message: Computer 
 {'message': ['Learn Computer Science Online: https://www.learncomputerscienceonline.com/', 'MIT Open CourseWare: https://ocw.mit.edu/search/?q=computer%20science&type=course', 'EDX - Harvard CS50: https://www.edx.org/cs50 , Youtube: https://www.youtube.com/@cs50', 'OSSU - Open Source Society University: https://github.com/ossu/computer-science'], 'memory': {'computer_science': 'Computer'}, 'next_state': 'end'}
Message: Hi 
 {'message': ['Hello! What topic would you like to learn about today? Here are topics I can assist you with useful resources to: Computer Science, Data Science and AI, Google Data Analytics, Digital Marketing, Google Cloud, AWS(Amazon Web Services), Microsoft Learn Resources, Microsoft Azure, Cyber Security, IoT, Python '], 'memory': {'intro_greetings': 'Hi'}, 'next_state': 'end'}
Message: hi 
 {'message': ['Hello! What topic would you like to learn about today? Here are topics I can assist you with useful resources to: Computer Science, Data Science and AI, Google Data Analytics, Digital Marketing, Google Cloud, AWS(Amazon Web Services), Microsoft Learn Resources, Microsoft Azure, Cyber Security, IoT, Python '], 'memory': {'intro_greetings': 'hi'}, 'next_state': 'end'}
Message: hi 
 {'message': ['Hello! What topic would you like to learn about today? Here are topics I can assist you with useful resources to: Computer Science, Data Science and AI, Google Data Analytics, Digital Marketing, Google Cloud, AWS(Amazon Web Services), Microsoft Learn Resources, Microsoft Azure, Cyber Security, IoT, Python '], 'memory': {'intro_greetings': 'hi'}, 'next_state': 'end'}
Message: hi 
 {'message': ['Hello! What topic would you like to learn about today? Here are topics I can assist you with useful resources to: Computer Science, Data Science and AI, Google Data Analytics, Digital Marketing, Google Cloud, AWS(Amazon Web Services), Microsoft Learn Resources, Microsoft Azure, Cyber Security, IoT, Python '], 'memory': {'intro_greetings': 'hi'}, 'next_state': 'end'}
Message: Hi 
 {'message': ['Hello! What topic would you like to learn about today? Here are topics I can assist you with useful resources to: Computer Science, Data Science and AI, Google Data Analytics, Digital Marketing, Google Cloud, AWS(Amazon Web Services), Microsoft Learn Resources, Microsoft Azure, Cyber Security, IoT, Python '], 'memory': {'intro_greetings': 'Hi'}, 'next_state': 'end'}
Message: Hi 
 {'message': ['Hello! What topic would you like to learn about today? Here are topics I can assist you with useful resources to: Computer Science, Data Science and AI, Google Data Analytics, Digital Marketing, Google Cloud, AWS(Amazon Web Services), Microsoft Learn Resources, Microsoft Azure, Cyber Security, IoT, Python '], 'memory': {'intro_greetings': 'Hi'}, 'next_state': 'end'}
Message: Hello, World! 
 {'message': ['Hello! What topic would you like to learn about today? Here are topics I can assist you with useful resources to: Computer Science, Data Science and AI, Google Data Analytics, Digital Marketing, Google Cloud, AWS(Amazon Web Services), Microsoft Learn Resources, Microsoft Azure, Cyber Security, IoT, Python '], 'memory': {'intro_greetings': 'Hello, World!'}, 'next_state': 'end'}
Message: Hello, World! 
 {'message': ['Hello! What topic would you like to learn about today? Here are topics I can assist you with useful resources to: Computer Science, Data Science and AI, Google Data Analytics, Digital Marketing, Google Cloud, AWS(Amazon Web Services), Microsoft Learn Resources, Microsoft Azure, Cyber Security, IoT, Python '], 'memory': {'intro_greetings': 'Hello, World!'}, 'next_state': 'end'}
Message: Hello, World! 
 {'message': ['Hello! What topic would you like to learn about today? Here are topics I can assist you with useful resources to: Computer Science, Data Science and AI, Google Data Analytics, Digital Marketing, Google Cloud, AWS(Amazon Web Services), Microsoft Learn Resources, Microsoft Azure, Cyber Security, IoT, Python '], 'memory': {'intro_greetings': 'Hello, World!'}, 'next_state': 'end'}
Message: I would wish to learn more on AI 
 {'message': ['Microsoft Learn: https://learn.microsoft.com/en-us/training/student-hub/ Topics resources organized based on different careers [Developer, Cloud Administrator, Data Scientist, Data Analysts, Free skill-building resources]'], 'memory': {'ms': 'I would wish to learn more on AI'}, 'next_state': 'end'}
Message: Hi 
 {'message': ['Hello! What topic would you like to learn about today? Here are topics I can assist you with useful resources to: Computer Science, Data Science and AI, Google Data Analytics, Digital Marketing, Google Cloud, AWS(Amazon Web Services), Microsoft Learn Resources, Microsoft Azure, Cyber Security, IoT, Python '], 'memory': {'intro_greetings': 'Hi'}, 'next_state': 'end'}
Message: Hi 
 {'message': ['Hello! What topic would you like to learn about today? Here are topics I can assist you with useful resources to: Computer Science, Data Science and AI, Google Data Analytics, Digital Marketing, Google Cloud, AWS(Amazon Web Services), Microsoft Learn Resources, Microsoft Azure, Cyber Security, IoT, Python '], 'memory': {'intro_greetings': 'Hi'}, 'next_state': 'end'}
Message: Computer Science 
 {'message': ['Learn Computer Science Online: https://www.learncomputerscienceonline.com/', 'MIT Open CourseWare: https://ocw.mit.edu/search/?q=computer%20science&type=course', 'EDX - Harvard CS50: https://www.edx.org/cs50 , Youtube: https://www.youtube.com/@cs50', 'OSSU - Open Source Society University: https://github.com/ossu/computer-science'], 'memory': {'computer_science': 'Computer Science'}, 'next_state': 'end'}
Message: Computer Science 
 {'message': ['Learn Computer Science Online: https://www.learncomputerscienceonline.com/', 'MIT Open CourseWare: https://ocw.mit.edu/search/?q=computer%20science&type=course', 'EDX - Harvard CS50: https://www.edx.org/cs50 , Youtube: https://www.youtube.com/@cs50', 'OSSU - Open Source Society University: https://github.com/ossu/computer-science'], 'memory': {'computer_science': 'Computer Science'}, 'next_state': 'end'}
Message: okay 
 {'message': ['Hello! What topic would you like to learn about today? Here are topics I can assist you with useful resources to: Computer Science, Data Science and AI, Google Data Analytics, Digital Marketing, Google Cloud, AWS(Amazon Web Services), Microsoft Learn Resources, Microsoft Azure, Cyber Security, IoT, Python '], 'memory': {'intro_greetings': 'okay'}, 'next_state': 'end'}
Message: Hi 
 {'message': ['Hello! What topic would you like to learn about today? Here are topics I can assist you with useful resources to: Computer Science, Data Science and AI, Google Data Analytics, Digital Marketing, Google Cloud, AWS(Amazon Web Services), Microsoft Learn Resources, Microsoft Azure, Cyber Security, IoT, Python '], 'memory': {'intro_greetings': 'Hi'}, 'next_state': 'end'}
Message: I would wish to learn more on AI 
 {'message': ['Microsoft Learn: https://learn.microsoft.com/en-us/training/student-hub/ Topics resources organized based on different careers [Developer, Cloud Administrator, Data Scientist, Data Analysts, Free skill-building resources]'], 'memory': {'ms': 'I would wish to learn more on AI'}, 'next_state': 'end'}
Message: AI 
 {'message': 'Exception encountered while excuting the flow: sequence item 4: expected str instance, dict found', 'memory': {}, 'next_state': 'end'}
Message: AI 
 {'message': 'Exception encountered while excuting the flow: sequence item 4: expected str instance, dict found', 'memory': {}, 'next_state': 'end'}
Message: AI 
 {'message': 'Exception encountered while excuting the flow: sequence item 4: expected str instance, dict found', 'memory': {}, 'next_state': 'end'}
Message: Hi 
 {'message': ['Hello! What topic would you like to learn about today? Here are topics I can assist you with useful resources to: Computer Science, Data Science and AI, Google Data Analytics, Digital Marketing, Google Cloud, AWS(Amazon Web Services), Microsoft Learn Resources, Microsoft Azure, Cyber Security, IoT, Python '], 'memory': {'intro_greetings': 'Hi'}, 'next_state': 'end'}
Message: Hi 
 {'message': ['Hello! What topic would you like to learn about today? Here are topics I can assist you with useful resources to: Computer Science, Data Science and AI, Google Data Analytics, Digital Marketing, Google Cloud, AWS(Amazon Web Services), Microsoft Learn Resources, Microsoft Azure, Cyber Security, IoT, Python '], 'memory': {'intro_greetings': 'Hi'}, 'next_state': 'end'}
Message: Hi 
 {'message': ['Hello! What topic would you like to learn about today? Here are topics I can assist you with useful resources to: Computer Science, Data Science and AI, Google Data Analytics, Digital Marketing, Google Cloud, AWS(Amazon Web Services), Microsoft Learn Resources, Microsoft Azure, Cyber Security, IoT, Python '], 'memory': {'intro_greetings': 'Hi'}, 'next_state': 'end'}
Message: ['Hey'] 
 {'detail': [{'loc': ['body', 'message'], 'msg': 'str type expected', 'type': 'type_error.str'}]}
Message: ['Hey'] 
 {'message': ['Hello! What topic would you like to learn about today? Here are topics I can assist you with useful resources to: Computer Science, Data Science and AI, Google Data Analytics, Digital Marketing, Google Cloud, AWS(Amazon Web Services), Microsoft Learn Resources, Microsoft Azure, Cyber Security, IoT, Python '], 'memory': {'intro_greetings': 'Hey'}, 'next_state': 'end'}
Message: ['AI'] 
 {'message': 'Exception encountered while excuting the flow: sequence item 4: expected str instance, dict found', 'memory': {}, 'next_state': 'end'}
Message: ['Micrsoft Azure'] 
 {'message': ['Microsoft Learn: https://learn.microsoft.com/en-us/training/student-hub/ Topics resources organized based on different careers [Developer, Cloud Administrator, Data Scientist, Data Analysts, Free skill-building resources]'], 'memory': {'ms': 'Micrsoft Azure'}, 'next_state': 'end'}
Message: ['computer science'] 
 {'message': ['Learn Computer Science Online: https://www.learncomputerscienceonline.com/', 'MIT Open CourseWare: https://ocw.mit.edu/search/?q=computer%20science&type=course', 'EDX - Harvard CS50: https://www.edx.org/cs50 , Youtube: https://www.youtube.com/@cs50', 'OSSU - Open Source Society University: https://github.com/ossu/computer-science'], 'memory': {'computer_science': 'computer science'}, 'next_state': 'end'}
Message: ['Hi'] 
 ['Hello! What topic would you like to learn about today? Here are topics I can assist you with useful resources to: Computer Science, Data Science and AI, Google Data Analytics, Digital Marketing, Google Cloud, AWS(Amazon Web Services), Microsoft Learn Resources, Microsoft Azure, Cyber Security, IoT, Python ']
Message: ['computer science'] 
 ['Learn Computer Science Online: https://www.learncomputerscienceonline.com/', 'MIT Open CourseWare: https://ocw.mit.edu/search/?q=computer%20science&type=course', 'EDX - Harvard CS50: https://www.edx.org/cs50 , Youtube: https://www.youtube.com/@cs50', 'OSSU - Open Source Society University: https://github.com/ossu/computer-science']
Message: ['computer science'] 
 ['Learn Computer Science Online: https://www.learncomputerscienceonline.com/', 'MIT Open CourseWare: https://ocw.mit.edu/search/?q=computer%20science&type=course', 'EDX - Harvard CS50: https://www.edx.org/cs50 , Youtube: https://www.youtube.com/@cs50', 'OSSU - Open Source Society University: https://github.com/ossu/computer-science']
Message: ['Hi'] 
 ['Hello! What topic would you like to learn about today? Here are topics I can assist you with useful resources to: Computer Science, Data Science and AI, Google Data Analytics, Digital Marketing, Google Cloud, AWS(Amazon Web Services), Microsoft Learn Resources, Microsoft Azure, Cyber Security, IoT, Python ']
Message: ['Hey'] 
 ['Hello! What topic would you like to learn about today? Here are topics I can assist you with useful resources to: Computer Science, Data Science and AI, Google Data Analytics, Digital Marketing, Google Cloud, AWS(Amazon Web Services), Microsoft Learn Resources, Microsoft Azure, Cyber Security, IoT, Python ']
Message: ['computer science'] 
 ['Learn Computer Science Online: https://www.learncomputerscienceonline.com/', 'MIT Open CourseWare: https://ocw.mit.edu/search/?q=computer%20science&type=course', 'EDX - Harvard CS50: https://www.edx.org/cs50 , Youtube: https://www.youtube.com/@cs50', 'OSSU - Open Source Society University: https://github.com/ossu/computer-science']
Message: ['google analitycs'] 
 ['Google Analytics: https://www.classcentral.com/course/google-analytics-for-beginners-98262', 'Advance Google Analytics: https://www.classcentral.com/course/google-advanced-google-analytics-98263', 'Google Analytics for Power Users: https://www.classcentral.com/course/google-analytics-for-power-users-98264']
Message: ['google analytics'] 
 ['Google Analytics: https://www.classcentral.com/course/google-analytics-for-beginners-98262', 'Advance Google Analytics: https://www.classcentral.com/course/google-advanced-google-analytics-98263', 'Google Analytics for Power Users: https://www.classcentral.com/course/google-analytics-for-power-users-98264']
Message: ['google cloud'] 
 ['Google Cloud Computing Foundations(Cloud Computing Fundamentals): https://www.classcentral.com/course/google-cloud-computing-foundations-cloud-computing-fundamentals-98568', 'Google Cloud Computing Foundations(Infrastructure in Google Cloud): https://www.classcentral.com/course/google-cloud-computing-foundations-infrastructure-in-google-cloud-98569', 'Google  Cloud Foundations(Networking and Security in Google Cloud): https://www.classcentral.com/course/google-cloud-computing-foundations-networking-and-security-in-google-cloud-98572', 'Google Cloud Computing Foundations(Data, ML, and AI in Google Cloud): https://www.classcentral.com/course/google-cloud-computing-foundations-data-ml-and-ai-in-google-cloud-98571']
Message: ['Copmuter science'] 
 Exception encountered while excuting the flow: sequence item 4: expected str instance, dict found
Message: ['copmuter science'] 
 Exception encountered while excuting the flow: sequence item 4: expected str instance, dict found
Message: ['computer science'] 
 ['Learn Computer Science Online: https://www.learncomputerscienceonline.com/', 'MIT Open CourseWare: https://ocw.mit.edu/search/?q=computer%20science&type=course', 'EDX - Harvard CS50: https://www.edx.org/cs50 , Youtube: https://www.youtube.com/@cs50', 'OSSU - Open Source Society University: https://github.com/ossu/computer-science']
Message: ['google cloud'] 
 ['Google Cloud Computing Foundations(Cloud Computing Fundamentals): https://www.classcentral.com/course/google-cloud-computing-foundations-cloud-computing-fundamentals-98568', 'Google Cloud Computing Foundations(Infrastructure in Google Cloud): https://www.classcentral.com/course/google-cloud-computing-foundations-infrastructure-in-google-cloud-98569', 'Google  Cloud Foundations(Networking and Security in Google Cloud): https://www.classcentral.com/course/google-cloud-computing-foundations-networking-and-security-in-google-cloud-98572', 'Google Cloud Computing Foundations(Data, ML, and AI in Google Cloud): https://www.classcentral.com/course/google-cloud-computing-foundations-data-ml-and-ai-in-google-cloud-98571']
Message: ['google cloud'] 
 ['Google Cloud Computing Foundations(Cloud Computing Fundamentals): https://www.classcentral.com/course/google-cloud-computing-foundations-cloud-computing-fundamentals-98568', 'Google Cloud Computing Foundations(Infrastructure in Google Cloud): https://www.classcentral.com/course/google-cloud-computing-foundations-infrastructure-in-google-cloud-98569', 'Google  Cloud Foundations(Networking and Security in Google Cloud): https://www.classcentral.com/course/google-cloud-computing-foundations-networking-and-security-in-google-cloud-98572', 'Google Cloud Computing Foundations(Data, ML, and AI in Google Cloud): https://www.classcentral.com/course/google-cloud-computing-foundations-data-ml-and-ai-in-google-cloud-98571']
Message: ['Hi'] 
 ['Hello! What topic would you like to learn about today? Here are topics I can assist you with useful resources to: Computer Science, Data Science and AI, Google Data Analytics, Digital Marketing, Google Cloud, AWS(Amazon Web Services), Microsoft Learn Resources, Microsoft Azure, Cyber Security, IoT, Python ']
Message: ['Computer Science'] 
 ['Learn Computer Science Online: https://www.learncomputerscienceonline.com/', 'MIT Open CourseWare: https://ocw.mit.edu/search/?q=computer%20science&type=course', 'EDX - Harvard CS50: https://www.edx.org/cs50 , Youtube: https://www.youtube.com/@cs50', 'OSSU - Open Source Society University: https://github.com/ossu/computer-science']